{"/Users/jameshembree/Documents/Code/Hatchways/backend/src/api-routes/ping.js": {"path":"/Users/jameshembree/Documents/Code/Hatchways/backend/src/api-routes/ping.js","statementMap":{"0":{"start":{"line":2,"column":16},"end":{"line":2,"column":34}},"1":{"start":{"line":3,"column":15},"end":{"line":3,"column":31}},"2":{"start":{"line":5,"column":18},"end":{"line":5,"column":54}},"3":{"start":{"line":7,"column":0},"end":{"line":7,"column":31}},"4":{"start":{"line":9,"column":0},"end":{"line":9,"column":24}}},"fnMap":{},"branchMap":{},"s":{"0":1,"1":1,"2":1,"3":1,"4":1},"f":{},"b":{},"_coverageSchema":"1a1c01bbd47fc00a2c39e90264f33305004495a9","hash":"be796f26e3b18e462e9c5c6017863d5bb2f478be"}
,"/Users/jameshembree/Documents/Code/Hatchways/backend/src/api-routes/posts.js": {"path":"/Users/jameshembree/Documents/Code/Hatchways/backend/src/api-routes/posts.js","statementMap":{"0":{"start":{"line":1,"column":16},"end":{"line":1,"column":34}},"1":{"start":{"line":2,"column":15},"end":{"line":2,"column":31}},"2":{"start":{"line":4,"column":19},"end":{"line":4,"column":56}},"3":{"start":{"line":6,"column":0},"end":{"line":6,"column":58}},"4":{"start":{"line":8,"column":0},"end":{"line":8,"column":24}}},"fnMap":{},"branchMap":{},"s":{"0":1,"1":1,"2":1,"3":1,"4":1},"f":{},"b":{},"_coverageSchema":"1a1c01bbd47fc00a2c39e90264f33305004495a9","hash":"1b94c0ab7bc4eedfc7da9892568e9f6a06e7f00e"}
,"/Users/jameshembree/Documents/Code/Hatchways/backend/src/services/ping-logic.js": {"path":"/Users/jameshembree/Documents/Code/Hatchways/backend/src/services/ping-logic.js","statementMap":{"0":{"start":{"line":3,"column":16},"end":{"line":5,"column":1}},"1":{"start":{"line":4,"column":4},"end":{"line":4,"column":46}},"2":{"start":{"line":7,"column":0},"end":{"line":7,"column":25}}},"fnMap":{"0":{"name":"(anonymous_0)","decl":{"start":{"line":3,"column":16},"end":{"line":3,"column":17}},"loc":{"start":{"line":3,"column":30},"end":{"line":5,"column":1}},"line":3}},"branchMap":{},"s":{"0":1,"1":1,"2":1},"f":{"0":1},"b":{},"_coverageSchema":"1a1c01bbd47fc00a2c39e90264f33305004495a9","hash":"8b6105de99d2463955a27b6c051ac321672535b8"}
,"/Users/jameshembree/Documents/Code/Hatchways/backend/src/services/posts-logic.js": {"path":"/Users/jameshembree/Documents/Code/Hatchways/backend/src/services/posts-logic.js","statementMap":{"0":{"start":{"line":3,"column":17},"end":{"line":75,"column":1}},"1":{"start":{"line":5,"column":18},"end":{"line":5,"column":42}},"2":{"start":{"line":6,"column":17},"end":{"line":6,"column":30}},"3":{"start":{"line":7,"column":19},"end":{"line":7,"column":35}},"4":{"start":{"line":8,"column":22},"end":{"line":8,"column":41}},"5":{"start":{"line":9,"column":24},"end":{"line":9,"column":62}},"6":{"start":{"line":10,"column":24},"end":{"line":10,"column":28}},"7":{"start":{"line":11,"column":27},"end":{"line":11,"column":42}},"8":{"start":{"line":14,"column":4},"end":{"line":55,"column":5}},"9":{"start":{"line":17,"column":7},"end":{"line":52,"column":8}},"10":{"start":{"line":18,"column":11},"end":{"line":20,"column":14}},"11":{"start":{"line":23,"column":14},"end":{"line":52,"column":8}},"12":{"start":{"line":24,"column":12},"end":{"line":26,"column":15}},"13":{"start":{"line":30,"column":28},"end":{"line":30,"column":43}},"14":{"start":{"line":33,"column":27},"end":{"line":35,"column":14}},"15":{"start":{"line":34,"column":16},"end":{"line":34,"column":94}},"16":{"start":{"line":38,"column":12},"end":{"line":51,"column":15}},"17":{"start":{"line":39,"column":27},"end":{"line":39,"column":51}},"18":{"start":{"line":39,"column":44},"end":{"line":39,"column":50}},"19":{"start":{"line":42,"column":34},"end":{"line":42,"column":65}},"20":{"start":{"line":47,"column":16},"end":{"line":47,"column":71}},"21":{"start":{"line":50,"column":16},"end":{"line":50,"column":50}},"22":{"start":{"line":54,"column":8},"end":{"line":54,"column":70}},"23":{"start":{"line":61,"column":8},"end":{"line":65,"column":9}},"24":{"start":{"line":62,"column":12},"end":{"line":62,"column":32}},"25":{"start":{"line":64,"column":12},"end":{"line":64,"column":37}},"26":{"start":{"line":67,"column":8},"end":{"line":71,"column":9}},"27":{"start":{"line":68,"column":12},"end":{"line":68,"column":75}},"28":{"start":{"line":68,"column":45},"end":{"line":68,"column":74}},"29":{"start":{"line":70,"column":12},"end":{"line":70,"column":75}},"30":{"start":{"line":70,"column":45},"end":{"line":70,"column":74}},"31":{"start":{"line":73,"column":8},"end":{"line":73,"column":27}},"32":{"start":{"line":77,"column":0},"end":{"line":77,"column":26}}},"fnMap":{"0":{"name":"(anonymous_0)","decl":{"start":{"line":3,"column":17},"end":{"line":3,"column":18}},"loc":{"start":{"line":3,"column":31},"end":{"line":75,"column":1}},"line":3},"1":{"name":"(anonymous_1)","decl":{"start":{"line":33,"column":41},"end":{"line":33,"column":42}},"loc":{"start":{"line":33,"column":53},"end":{"line":35,"column":13}},"line":33},"2":{"name":"(anonymous_2)","decl":{"start":{"line":38,"column":37},"end":{"line":38,"column":38}},"loc":{"start":{"line":38,"column":55},"end":{"line":51,"column":13}},"line":38},"3":{"name":"(anonymous_3)","decl":{"start":{"line":39,"column":39},"end":{"line":39,"column":40}},"loc":{"start":{"line":39,"column":44},"end":{"line":39,"column":50}},"line":39},"4":{"name":"sortByFn","decl":{"start":{"line":58,"column":13},"end":{"line":58,"column":21}},"loc":{"start":{"line":58,"column":54},"end":{"line":74,"column":5}},"line":58},"5":{"name":"(anonymous_5)","decl":{"start":{"line":68,"column":35},"end":{"line":68,"column":36}},"loc":{"start":{"line":68,"column":45},"end":{"line":68,"column":74}},"line":68},"6":{"name":"(anonymous_6)","decl":{"start":{"line":70,"column":35},"end":{"line":70,"column":36}},"loc":{"start":{"line":70,"column":45},"end":{"line":70,"column":74}},"line":70}},"branchMap":{"0":{"loc":{"start":{"line":14,"column":4},"end":{"line":55,"column":5}},"type":"if","locations":[{"start":{"line":14,"column":4},"end":{"line":55,"column":5}},{"start":{"line":53,"column":11},"end":{"line":55,"column":5}}],"line":14},"1":{"loc":{"start":{"line":17,"column":7},"end":{"line":52,"column":8}},"type":"if","locations":[{"start":{"line":17,"column":7},"end":{"line":52,"column":8}},{"start":{"line":23,"column":14},"end":{"line":52,"column":8}}],"line":17},"2":{"loc":{"start":{"line":17,"column":11},"end":{"line":17,"column":55}},"type":"binary-expr","locations":[{"start":{"line":17,"column":11},"end":{"line":17,"column":17}},{"start":{"line":17,"column":21},"end":{"line":17,"column":55}}],"line":17},"3":{"loc":{"start":{"line":23,"column":14},"end":{"line":52,"column":8}},"type":"if","locations":[{"start":{"line":23,"column":14},"end":{"line":52,"column":8}},{"start":{"line":29,"column":14},"end":{"line":52,"column":8}}],"line":23},"4":{"loc":{"start":{"line":23,"column":18},"end":{"line":23,"column":71}},"type":"binary-expr","locations":[{"start":{"line":23,"column":18},"end":{"line":23,"column":27}},{"start":{"line":23,"column":31},"end":{"line":23,"column":71}}],"line":23},"5":{"loc":{"start":{"line":61,"column":8},"end":{"line":65,"column":9}},"type":"if","locations":[{"start":{"line":61,"column":8},"end":{"line":65,"column":9}},{"start":{"line":63,"column":15},"end":{"line":65,"column":9}}],"line":61},"6":{"loc":{"start":{"line":67,"column":8},"end":{"line":71,"column":9}},"type":"if","locations":[{"start":{"line":67,"column":8},"end":{"line":71,"column":9}},{"start":{"line":69,"column":15},"end":{"line":71,"column":9}}],"line":67}},"s":{"0":1,"1":9,"2":9,"3":9,"4":9,"5":9,"6":9,"7":9,"8":9,"9":7,"10":1,"11":6,"12":1,"13":5,"14":5,"15":5,"16":5,"17":5,"18":5,"19":5,"20":5,"21":5,"22":2,"23":5,"24":1,"25":4,"26":5,"27":1,"28":27,"29":4,"30":109,"31":5,"32":1},"f":{"0":9,"1":5,"2":5,"3":5,"4":5,"5":27,"6":109},"b":{"0":[7,2],"1":[1,6],"2":[7,2],"3":[1,5],"4":[6,2],"5":[1,4],"6":[1,4]},"_coverageSchema":"1a1c01bbd47fc00a2c39e90264f33305004495a9","hash":"8e6ab72080fc3d86800a1ba9f0edf3418a254534"}
}
