TN:
SF:src/api-routes/ping.js
FNF:0
FNH:0
DA:2,1
DA:3,1
DA:5,1
DA:7,1
DA:9,1
LF:5
LH:5
BRF:0
BRH:0
end_of_record
TN:
SF:src/api-routes/posts.js
FNF:0
FNH:0
DA:1,1
DA:2,1
DA:4,1
DA:6,1
DA:8,1
LF:5
LH:5
BRF:0
BRH:0
end_of_record
TN:
SF:src/services/ping-logic.js
FN:3,(anonymous_0)
FNF:1
FNH:1
FNDA:1,(anonymous_0)
DA:3,1
DA:4,1
DA:7,1
LF:3
LH:3
BRF:0
BRH:0
end_of_record
TN:
SF:src/services/posts-logic.js
FN:3,(anonymous_0)
FN:33,(anonymous_1)
FN:38,(anonymous_2)
FN:39,(anonymous_3)
FN:58,sortByFn
FN:68,(anonymous_5)
FN:70,(anonymous_6)
FNF:7
FNH:7
FNDA:9,(anonymous_0)
FNDA:5,(anonymous_1)
FNDA:5,(anonymous_2)
FNDA:5,(anonymous_3)
FNDA:5,sortByFn
FNDA:27,(anonymous_5)
FNDA:109,(anonymous_6)
DA:3,1
DA:5,9
DA:6,9
DA:7,9
DA:8,9
DA:9,9
DA:10,9
DA:11,9
DA:14,9
DA:17,7
DA:18,1
DA:23,6
DA:24,1
DA:30,5
DA:33,5
DA:34,5
DA:38,5
DA:39,5
DA:42,5
DA:47,5
DA:50,5
DA:54,2
DA:61,5
DA:62,1
DA:64,4
DA:67,5
DA:68,27
DA:70,109
DA:73,5
DA:77,1
LF:30
LH:30
BRDA:14,0,0,7
BRDA:14,0,1,2
BRDA:17,1,0,1
BRDA:17,1,1,6
BRDA:17,2,0,7
BRDA:17,2,1,2
BRDA:23,3,0,1
BRDA:23,3,1,5
BRDA:23,4,0,6
BRDA:23,4,1,2
BRDA:61,5,0,1
BRDA:61,5,1,4
BRDA:67,6,0,1
BRDA:67,6,1,4
BRF:14
BRH:14
end_of_record
